# Implementation Log: Admin Messages Loading State Bug Fix

## Date
2025-11-16

## Summary
Fixed bug where admin messages page showed empty state flash before loading skeleton when selecting a user conversation. Client side was working correctly, but admin side showed "No messages yet" briefly before showing loading state.

## Root Cause
On admin side, the Conversation component is remounted on each user selection due to `key={selectedConversation.id}` prop (lines 369 and 400 in admin messages page). During React component remount, there's an initialization race where:

1. Component declares `loading=true` in initial state
2. React schedules first render
3. First render evaluates JSX conditions
4. Empty state condition `messages.length === 0 && !loading && !error` evaluates before `loading` state fully establishes
5. Empty state briefly shows
6. Next render cycle, loading state takes effect

Client side works because component mounts once without key prop, so initial `loading=true` is established before first JSX evaluation.

## Solution Implemented
Added `hasAttemptedLoad` guard state to prevent empty state from showing until after first fetch attempt completes:

1. **Added guard state**: `const [hasAttemptedLoad, setHasAttemptedLoad] = useState(false);`
2. **Set flag after fetch**: Added `setHasAttemptedLoad(true)` in fetchMessages finally block
3. **Updated empty state condition**: Added `hasAttemptedLoad &&` to condition
4. **Reset on conversation change**: Added `setHasAttemptedLoad(false)` in conversation change effect

## Changes Made

### src/components/messages/conversation.tsx:128
- Added new state: `const [hasAttemptedLoad, setHasAttemptedLoad] = useState(false);`
- Guard state tracks whether first fetch attempt has completed

### src/components/messages/conversation.tsx:403
- Added `setHasAttemptedLoad(true);` in fetchMessages finally block
- Sets flag after first fetch regardless of success/failure
- Only set when `!background` to track user-initiated loads

### src/components/messages/conversation.tsx:771
- Changed empty state condition from:
  `messages.length === 0 && hasLoadedInitial && !loading && !error && emptyReady &&`
- To:
  `messages.length === 0 && hasAttemptedLoad && hasLoadedInitial && !loading && !error && emptyReady &&`
- Prevents empty state from showing before any load attempt

### src/components/messages/conversation.tsx:449
- Added `setHasAttemptedLoad(false);` in conversation change effect
- Resets guard state when userId or invoiceId changes
- Ensures each conversation starts fresh

## Files Modified
- `src/components/messages/conversation.tsx` (4 lines added)

## Testing
- ✅ TypeScript compilation: No errors (`npx tsc --noEmit`)
- ✅ Linting: Passed with pre-existing warnings only (`npm run lint`)

## Validation
The fix ensures:
1. Admin side: Loading skeleton shows immediately when selecting user
2. No flash of empty state before loading
3. After load completes, messages display or empty state shows (if truly empty)
4. Client side: Still works correctly (no regression)

## Behavior Flow
**Before Fix (Admin):**
1. Click user → Shows "No messages yet" briefly
2. Loading skeleton appears
3. Messages load

**After Fix (Admin):**
1. Click user → Shows loading skeleton immediately
2. Messages load or empty state (if truly empty)

**Client Side:**
- Already worked correctly, no changes to behavior

## Technical Details
- Guard state pattern prevents UI state from rendering before async operations complete
- More explicit than relying on `loading` state timing
- Separates concerns: loading tracks fetch status, hasAttemptedLoad tracks lifecycle
- Compatible with component remounting via key prop
- No new dependencies needed

## Notes
- The admin page remounts Conversation via `key={selectedConversation.id}` for proper state isolation between conversations
- This is correct React pattern but creates initialization race with loading state
- Guard state solves race without changing component mounting strategy
- Minimal, surgical fix - only 4 lines added
